2018-12-26 22:40:17.641 [main] INFO  com.study.learn.LearnApplication - Starting LearnApplication on liujiangdeMacBook-Air.local with PID 81901 (/Users/liujiang/Idea/learn/target/classes started by liujiang in /Users/liujiang/Idea/learn)
2018-12-26 22:40:17.701 [main] INFO  com.study.learn.LearnApplication - No active profile set, falling back to default profiles: default
2018-12-26 22:40:19.234 [main] INFO  o.s.boot.web.embedded.tomcat.TomcatWebServer - Tomcat initialized with port(s): 8080 (http)
2018-12-26 22:40:19.246 [main] INFO  org.apache.coyote.http11.Http11NioProtocol - Initializing ProtocolHandler ["http-nio-8080"]
2018-12-26 22:40:19.257 [main] INFO  org.apache.catalina.core.StandardService - Starting service [Tomcat]
2018-12-26 22:40:19.257 [main] INFO  org.apache.catalina.core.StandardEngine - Starting Servlet Engine: Apache Tomcat/9.0.13
2018-12-26 22:40:19.264 [main] INFO  org.apache.catalina.core.AprLifecycleListener - The APR based Apache Tomcat Native library which allows optimal performance in production environments was not found on the java.library.path: [/Users/liujiang/Library/Java/Extensions:/Library/Java/Extensions:/Network/Library/Java/Extensions:/System/Library/Java/Extensions:/usr/lib/java:.]
2018-12-26 22:40:19.344 [main] INFO  o.a.c.core.ContainerBase.[Tomcat].[localhost].[/] - Initializing Spring embedded WebApplicationContext
2018-12-26 22:40:19.344 [main] INFO  org.springframework.web.context.ContextLoader - Root WebApplicationContext: initialization completed in 1513 ms
2018-12-26 22:40:19.634 [main] INFO  o.s.scheduling.concurrent.ThreadPoolTaskExecutor - Initializing ExecutorService 'applicationTaskExecutor'
2018-12-26 22:40:19.848 [main] INFO  org.apache.coyote.http11.Http11NioProtocol - Starting ProtocolHandler ["http-nio-8080"]
2018-12-26 22:40:19.880 [main] INFO  org.apache.tomcat.util.net.NioSelectorPool - Using a shared selector for servlet write/read
2018-12-26 22:40:19.896 [main] INFO  o.s.boot.web.embedded.tomcat.TomcatWebServer - Tomcat started on port(s): 8080 (http) with context path ''
2018-12-26 22:40:19.903 [main] INFO  com.study.learn.LearnApplication - Started LearnApplication in 3.13 seconds (JVM running for 4.126)
2018-12-26 22:40:49.553 [http-nio-8080-exec-1] INFO  o.a.c.core.ContainerBase.[Tomcat].[localhost].[/] - Initializing Spring DispatcherServlet 'dispatcherServlet'
2018-12-26 22:40:49.554 [http-nio-8080-exec-1] INFO  org.springframework.web.servlet.DispatcherServlet - Initializing Servlet 'dispatcherServlet'
2018-12-26 22:40:49.563 [http-nio-8080-exec-1] INFO  org.springframework.web.servlet.DispatcherServlet - Completed initialization in 9 ms
2018-12-26 22:41:00.957 [Thread-9] INFO  o.s.scheduling.concurrent.ThreadPoolTaskExecutor - Shutting down ExecutorService 'applicationTaskExecutor'
2018-12-26 22:41:10.482 [main] INFO  com.study.learn.LearnApplication - Starting LearnApplication on liujiangdeMacBook-Air.local with PID 81913 (/Users/liujiang/Idea/learn/target/classes started by liujiang in /Users/liujiang/Idea/learn)
2018-12-26 22:41:10.490 [main] INFO  com.study.learn.LearnApplication - No active profile set, falling back to default profiles: default
2018-12-26 22:41:12.004 [main] INFO  o.s.boot.web.embedded.tomcat.TomcatWebServer - Tomcat initialized with port(s): 8080 (http)
2018-12-26 22:41:12.018 [main] INFO  org.apache.coyote.http11.Http11NioProtocol - Initializing ProtocolHandler ["http-nio-8080"]
2018-12-26 22:41:12.029 [main] INFO  org.apache.catalina.core.StandardService - Starting service [Tomcat]
2018-12-26 22:41:12.029 [main] INFO  org.apache.catalina.core.StandardEngine - Starting Servlet Engine: Apache Tomcat/9.0.13
2018-12-26 22:41:12.036 [main] INFO  org.apache.catalina.core.AprLifecycleListener - The APR based Apache Tomcat Native library which allows optimal performance in production environments was not found on the java.library.path: [/Users/liujiang/Library/Java/Extensions:/Library/Java/Extensions:/Network/Library/Java/Extensions:/System/Library/Java/Extensions:/usr/lib/java:.]
2018-12-26 22:41:12.113 [main] INFO  o.a.c.core.ContainerBase.[Tomcat].[localhost].[/] - Initializing Spring embedded WebApplicationContext
2018-12-26 22:41:12.113 [main] INFO  org.springframework.web.context.ContextLoader - Root WebApplicationContext: initialization completed in 1524 ms
2018-12-26 22:41:12.421 [main] INFO  o.s.scheduling.concurrent.ThreadPoolTaskExecutor - Initializing ExecutorService 'applicationTaskExecutor'
2018-12-26 22:41:12.588 [main] INFO  org.apache.coyote.http11.Http11NioProtocol - Starting ProtocolHandler ["http-nio-8080"]
2018-12-26 22:41:12.615 [main] INFO  org.apache.tomcat.util.net.NioSelectorPool - Using a shared selector for servlet write/read
2018-12-26 22:41:12.631 [main] INFO  o.s.boot.web.embedded.tomcat.TomcatWebServer - Tomcat started on port(s): 8080 (http) with context path ''
2018-12-26 22:41:12.636 [main] INFO  com.study.learn.LearnApplication - Started LearnApplication in 2.953 seconds (JVM running for 3.922)
2018-12-26 22:41:21.911 [http-nio-8080-exec-1] INFO  o.a.c.core.ContainerBase.[Tomcat].[localhost].[/] - Initializing Spring DispatcherServlet 'dispatcherServlet'
2018-12-26 22:41:21.912 [http-nio-8080-exec-1] INFO  org.springframework.web.servlet.DispatcherServlet - Initializing Servlet 'dispatcherServlet'
2018-12-26 22:41:21.921 [http-nio-8080-exec-1] INFO  org.springframework.web.servlet.DispatcherServlet - Completed initialization in 9 ms
2018-12-26 22:42:12.831 [Thread-9] INFO  o.s.scheduling.concurrent.ThreadPoolTaskExecutor - Shutting down ExecutorService 'applicationTaskExecutor'
2018-12-26 22:42:18.932 [main] INFO  com.study.learn.LearnApplication - Starting LearnApplication on liujiangdeMacBook-Air.local with PID 81929 (/Users/liujiang/Idea/learn/target/classes started by liujiang in /Users/liujiang/Idea/learn)
2018-12-26 22:42:18.937 [main] INFO  com.study.learn.LearnApplication - No active profile set, falling back to default profiles: default
2018-12-26 22:42:20.206 [main] INFO  o.s.boot.web.embedded.tomcat.TomcatWebServer - Tomcat initialized with port(s): 8080 (http)
2018-12-26 22:42:20.220 [main] INFO  org.apache.coyote.http11.Http11NioProtocol - Initializing ProtocolHandler ["http-nio-8080"]
2018-12-26 22:42:20.231 [main] INFO  org.apache.catalina.core.StandardService - Starting service [Tomcat]
2018-12-26 22:42:20.232 [main] INFO  org.apache.catalina.core.StandardEngine - Starting Servlet Engine: Apache Tomcat/9.0.13
2018-12-26 22:42:20.239 [main] INFO  org.apache.catalina.core.AprLifecycleListener - The APR based Apache Tomcat Native library which allows optimal performance in production environments was not found on the java.library.path: [/Users/liujiang/Library/Java/Extensions:/Library/Java/Extensions:/Network/Library/Java/Extensions:/System/Library/Java/Extensions:/usr/lib/java:.]
2018-12-26 22:42:20.319 [main] INFO  o.a.c.core.ContainerBase.[Tomcat].[localhost].[/] - Initializing Spring embedded WebApplicationContext
2018-12-26 22:42:20.320 [main] INFO  org.springframework.web.context.ContextLoader - Root WebApplicationContext: initialization completed in 1318 ms
2018-12-26 22:42:20.604 [main] INFO  o.s.scheduling.concurrent.ThreadPoolTaskExecutor - Initializing ExecutorService 'applicationTaskExecutor'
2018-12-26 22:42:20.770 [main] INFO  org.apache.coyote.http11.Http11NioProtocol - Starting ProtocolHandler ["http-nio-8080"]
2018-12-26 22:42:20.796 [main] INFO  org.apache.tomcat.util.net.NioSelectorPool - Using a shared selector for servlet write/read
2018-12-26 22:42:20.813 [main] INFO  o.s.boot.web.embedded.tomcat.TomcatWebServer - Tomcat started on port(s): 8080 (http) with context path ''
2018-12-26 22:42:20.819 [main] INFO  com.study.learn.LearnApplication - Started LearnApplication in 2.778 seconds (JVM running for 3.872)
2018-12-26 22:42:30.072 [http-nio-8080-exec-1] INFO  o.a.c.core.ContainerBase.[Tomcat].[localhost].[/] - Initializing Spring DispatcherServlet 'dispatcherServlet'
2018-12-26 22:42:30.073 [http-nio-8080-exec-1] INFO  org.springframework.web.servlet.DispatcherServlet - Initializing Servlet 'dispatcherServlet'
2018-12-26 22:42:30.082 [http-nio-8080-exec-1] INFO  org.springframework.web.servlet.DispatcherServlet - Completed initialization in 9 ms
2018-12-26 22:48:12.993 [Thread-9] INFO  o.s.scheduling.concurrent.ThreadPoolTaskExecutor - Shutting down ExecutorService 'applicationTaskExecutor'
2018-12-26 22:48:22.034 [main] INFO  com.study.learn.LearnApplication - Starting LearnApplication on liujiangdeMacBook-Air.local with PID 81990 (/Users/liujiang/Idea/learn/target/classes started by liujiang in /Users/liujiang/Idea/learn)
2018-12-26 22:48:22.042 [main] INFO  com.study.learn.LearnApplication - No active profile set, falling back to default profiles: default
2018-12-26 22:48:25.817 [main] INFO  o.s.boot.web.embedded.tomcat.TomcatWebServer - Tomcat initialized with port(s): 8080 (http)
2018-12-26 22:48:25.841 [main] INFO  org.apache.coyote.http11.Http11NioProtocol - Initializing ProtocolHandler ["http-nio-8080"]
2018-12-26 22:48:25.860 [main] INFO  org.apache.catalina.core.StandardService - Starting service [Tomcat]
2018-12-26 22:48:25.861 [main] INFO  org.apache.catalina.core.StandardEngine - Starting Servlet Engine: Apache Tomcat/9.0.13
2018-12-26 22:48:25.871 [main] INFO  org.apache.catalina.core.AprLifecycleListener - The APR based Apache Tomcat Native library which allows optimal performance in production environments was not found on the java.library.path: [/Users/liujiang/Library/Java/Extensions:/Library/Java/Extensions:/Network/Library/Java/Extensions:/System/Library/Java/Extensions:/usr/lib/java:.]
2018-12-26 22:48:26.099 [main] INFO  o.a.c.core.ContainerBase.[Tomcat].[localhost].[/] - Initializing Spring embedded WebApplicationContext
2018-12-26 22:48:26.099 [main] INFO  org.springframework.web.context.ContextLoader - Root WebApplicationContext: initialization completed in 3935 ms
2018-12-26 22:48:26.533 [main] INFO  o.s.scheduling.concurrent.ThreadPoolTaskExecutor - Initializing ExecutorService 'applicationTaskExecutor'
2018-12-26 22:48:26.823 [main] INFO  org.apache.coyote.http11.Http11NioProtocol - Starting ProtocolHandler ["http-nio-8080"]
2018-12-26 22:48:26.866 [main] INFO  org.apache.tomcat.util.net.NioSelectorPool - Using a shared selector for servlet write/read
2018-12-26 22:48:26.903 [main] INFO  o.s.boot.web.embedded.tomcat.TomcatWebServer - Tomcat started on port(s): 8080 (http) with context path ''
2018-12-26 22:48:26.910 [main] INFO  com.study.learn.LearnApplication - Started LearnApplication in 6.223 seconds (JVM running for 7.677)
2018-12-26 22:49:10.571 [http-nio-8080-exec-1] INFO  o.a.c.core.ContainerBase.[Tomcat].[localhost].[/] - Initializing Spring DispatcherServlet 'dispatcherServlet'
2018-12-26 22:49:10.572 [http-nio-8080-exec-1] INFO  org.springframework.web.servlet.DispatcherServlet - Initializing Servlet 'dispatcherServlet'
2018-12-26 22:49:10.582 [http-nio-8080-exec-1] INFO  org.springframework.web.servlet.DispatcherServlet - Completed initialization in 9 ms
2018-12-26 22:49:34.294 [Thread-16] INFO  o.s.scheduling.concurrent.ThreadPoolTaskExecutor - Shutting down ExecutorService 'applicationTaskExecutor'
2018-12-26 22:53:25.222 [main] INFO  com.study.learn.LearnApplication - Starting LearnApplication on liujiangdeMacBook-Air.local with PID 82069 (/Users/liujiang/Idea/learn/target/classes started by liujiang in /Users/liujiang/Idea/learn)
2018-12-26 22:53:25.229 [main] INFO  com.study.learn.LearnApplication - No active profile set, falling back to default profiles: default
2018-12-26 22:53:27.785 [main] INFO  o.s.boot.web.embedded.tomcat.TomcatWebServer - Tomcat initialized with port(s): 8080 (http)
2018-12-26 22:53:27.807 [main] INFO  org.apache.coyote.http11.Http11NioProtocol - Initializing ProtocolHandler ["http-nio-8080"]
2018-12-26 22:53:27.823 [main] INFO  org.apache.catalina.core.StandardService - Starting service [Tomcat]
2018-12-26 22:53:27.823 [main] INFO  org.apache.catalina.core.StandardEngine - Starting Servlet Engine: Apache Tomcat/9.0.13
2018-12-26 22:53:27.835 [main] INFO  org.apache.catalina.core.AprLifecycleListener - The APR based Apache Tomcat Native library which allows optimal performance in production environments was not found on the java.library.path: [/Users/liujiang/Library/Java/Extensions:/Library/Java/Extensions:/Network/Library/Java/Extensions:/System/Library/Java/Extensions:/usr/lib/java:.]
2018-12-26 22:53:27.978 [main] INFO  o.a.c.core.ContainerBase.[Tomcat].[localhost].[/] - Initializing Spring embedded WebApplicationContext
2018-12-26 22:53:27.979 [main] INFO  org.springframework.web.context.ContextLoader - Root WebApplicationContext: initialization completed in 2634 ms
2018-12-26 22:53:28.318 [main] INFO  o.s.scheduling.concurrent.ThreadPoolTaskExecutor - Initializing ExecutorService 'applicationTaskExecutor'
2018-12-26 22:53:28.526 [main] INFO  org.apache.coyote.http11.Http11NioProtocol - Starting ProtocolHandler ["http-nio-8080"]
2018-12-26 22:53:28.562 [main] INFO  org.apache.tomcat.util.net.NioSelectorPool - Using a shared selector for servlet write/read
2018-12-26 22:53:28.579 [main] INFO  o.s.boot.web.embedded.tomcat.TomcatWebServer - Tomcat started on port(s): 8080 (http) with context path ''
2018-12-26 22:53:28.584 [main] INFO  com.study.learn.LearnApplication - Started LearnApplication in 4.827 seconds (JVM running for 6.419)
2018-12-26 22:53:55.774 [http-nio-8080-exec-1] INFO  o.a.c.core.ContainerBase.[Tomcat].[localhost].[/] - Initializing Spring DispatcherServlet 'dispatcherServlet'
2018-12-26 22:53:55.775 [http-nio-8080-exec-1] INFO  org.springframework.web.servlet.DispatcherServlet - Initializing Servlet 'dispatcherServlet'
2018-12-26 22:53:55.785 [http-nio-8080-exec-1] INFO  org.springframework.web.servlet.DispatcherServlet - Completed initialization in 10 ms
